

Version:	3.50
CmdLine:	C:\Users\dwend\IdeaProjects\Gefrierschrank_Final\out\artifacts\Gefrierschrank_Final_jar\Gefrierschrank.exe --l4j-debug
JNI:		No
WOW64:		Yes
Working dir:	C:\Users\dwend\IdeaProjects\Gefrierschrank_Final\out\artifacts\Gefrierschrank_Final_jar\.
Requires JDK:	No
Requires 64-Bit: No
Java min ver:	
Java max ver:	
JRE paths:	C:\Users\dwend\IdeaProjects\Gefrierschrank_Final\out\artifacts\Gefrierschrank_Final_jar
Check launcher:	C:\Users\dwend\IdeaProjects\Gefrierschrank_Final\out\artifacts\Gefrierschrank_Final_jar\bin\javaw.exe (not found)
Error msg:	This application requires a Java Runtime Environment.


Version:	3.50
CmdLine:	C:\Users\dwend\IdeaProjects\Gefrierschrank_Final\out\artifacts\Gefrierschrank_Final_jar\Gefrierschrank.exe --l4j-debug
JNI:		No
WOW64:		Yes
Working dir:	C:\Users\dwend\IdeaProjects\Gefrierschrank_Final\out\artifacts\Gefrierschrank_Final_jar\.
Requires JDK:	No
Requires 64-Bit: No
Java min ver:	
Java max ver:	
JRE paths:	C:\Users\dwend\IdeaProjects\Gefrierschrank_Final\out\artifacts\Gefrierschrank_Final_jar
Check launcher:	C:\Users\dwend\IdeaProjects\Gefrierschrank_Final\out\artifacts\Gefrierschrank_Final_jar\bin\javaw.exe (not found)
Error msg:	This application requires a Java Runtime Environment.
